
> my_compass@1.0.0 web /app
> expo start --web

Starting project at /app
Starting Metro Bundler
The following packages should be updated for best compatibility with the installed expo version:
  @shopify/flash-list@2.2.2 - expected version: 2.0.2
Your project may not work correctly until you install the expected versions of the packages.
Waiting on http://localhost:8081
Logs for your project will appear below.
Web node_modules/.pnpm/expo-router@6.0.23_@expo+metro-runtime@6.1.2_@types+react@19.1.17_expo-constants@18.0.1_f13ba3b673f555e9fa551e819990eb13/node_modules/expo-router/entry.js ░░░░░░░░░░░░░░░░  0.0% (0/1)
λ node_modules/.pnpm/expo-router@6.0.23_@expo+metro-runtime@6.1.2_@types+react@19.1.17_expo-constants@18.0.1_f13ba3b673f555e9fa551e819990eb13/node_modules/expo-router/node/render.js ░░░░░░░░░░░░░░░░  0.0% (0/1)
Web node_modules/.pnpm/expo-router@6.0.23_@expo+metro-runtime@6.1.2_@types+react@19.1.17_expo-constants@18.0.1_f13ba3b673f555e9fa551e819990eb13/node_modules/expo-router/entry.js ▓▓░░░░░░░░░░░░░░ 14.1% (17/92)
λ node_modules/.pnpm/expo-router@6.0.23_@expo+metro-runtime@6.1.2_@types+react@19.1.17_expo-constants@18.0.1_f13ba3b673f555e9fa551e819990eb13/node_modules/expo-router/node/render.js ▓░░░░░░░░░░░░░░░  9.3% ( 91/299)
Web node_modules/.pnpm/expo-router@6.0.23_@expo+metro-runtime@6.1.2_@types+react@19.1.17_expo-constants@18.0.1_f13ba3b673f555e9fa551e819990eb13/node_modules/expo-router/entry.js ▓▓▓▓░░░░░░░░░░░░ 25.5% ( 97/192)
λ node_modules/.pnpm/expo-router@6.0.23_@expo+metro-runtime@6.1.2_@types+react@19.1.17_expo-constants@18.0.1_f13ba3b673f555e9fa551e819990eb13/node_modules/expo-router/node/render.js ▓▓▓░░░░░░░░░░░░░ 23.9% (252/522)
Web node_modules/.pnpm/expo-router@6.0.23_@expo+metro-runtime@6.1.2_@types+react@19.1.17_expo-constants@18.0.1_f13ba3b673f555e9fa551e819990eb13/node_modules/expo-router/entry.js ▓▓▓▓▓▓▓░░░░░░░░░ 47.4% (205/370)
λ node_modules/.pnpm/expo-router@6.0.23_@expo+metro-runtime@6.1.2_@types+react@19.1.17_expo-constants@18.0.1_f13ba3b673f555e9fa551e819990eb13/node_modules/expo-router/node/render.js ▓▓▓▓▓▓▓░░░░░░░░░ 45.2% (473/731)
Web node_modules/.pnpm/expo-router@6.0.23_@expo+metro-runtime@6.1.2_@types+react@19.1.17_expo-constants@18.0.1_f13ba3b673f555e9fa551e819990eb13/node_modules/expo-router/entry.js ▓▓▓▓▓▓▓░░░░░░░░░ 47.4% (205/370)
λ node_modules/.pnpm/expo-router@6.0.23_@expo+metro-runtime@6.1.2_@types+react@19.1.17_expo-constants@18.0.1_f13ba3b673f555e9fa551e819990eb13/node_modules/expo-router/node/render.js ▓▓▓▓▓▓▓░░░░░░░░░ 45.2% ( 527/2719)
Web node_modules/.pnpm/expo-router@6.0.23_@expo+metro-runtime@6.1.2_@types+react@19.1.17_expo-constants@18.0.1_f13ba3b673f555e9fa551e819990eb13/node_modules/expo-router/entry.js ▓▓▓▓▓▓▓░░░░░░░░░ 47.4% (287/470)
λ node_modules/.pnpm/expo-router@6.0.23_@expo+metro-runtime@6.1.2_@types+react@19.1.17_expo-constants@18.0.1_f13ba3b673f555e9fa551e819990eb13/node_modules/expo-router/node/render.js ▓▓▓▓▓▓▓░░░░░░░░░ 45.2% ( 626/2774)
Web node_modules/.pnpm/expo-router@6.0.23_@expo+metro-runtime@6.1.2_@types+react@19.1.17_expo-constants@18.0.1_f13ba3b673f555e9fa551e819990eb13/node_modules/expo-router/entry.js ▓▓▓▓▓▓▓░░░░░░░░░ 47.4% (347/604)
λ node_modules/.pnpm/expo-router@6.0.23_@expo+metro-runtime@6.1.2_@types+react@19.1.17_expo-constants@18.0.1_f13ba3b673f555e9fa551e819990eb13/node_modules/expo-router/node/render.js ▓▓▓▓▓▓▓░░░░░░░░░ 45.2% ( 724/2837)
Web node_modules/.pnpm/expo-router@6.0.23_@expo+metro-runtime@6.1.2_@types+react@19.1.17_expo-constants@18.0.1_f13ba3b673f555e9fa551e819990eb13/node_modules/expo-router/entry.js ▓▓▓▓▓▓▓░░░░░░░░░ 47.4% (376/625)
λ node_modules/.pnpm/expo-router@6.0.23_@expo+metro-runtime@6.1.2_@types+react@19.1.17_expo-constants@18.0.1_f13ba3b673f555e9fa551e819990eb13/node_modules/expo-router/node/render.js ▓▓▓▓▓▓▓░░░░░░░░░ 45.2% ( 887/2917)
Web node_modules/.pnpm/expo-router@6.0.23_@expo+metro-runtime@6.1.2_@types+react@19.1.17_expo-constants@18.0.1_f13ba3b673f555e9fa551e819990eb13/node_modules/expo-router/entry.js ▓▓▓▓▓▓▓░░░░░░░░░ 47.4% (376/625)
λ node_modules/.pnpm/expo-router@6.0.23_@expo+metro-runtime@6.1.2_@types+react@19.1.17_expo-constants@18.0.1_f13ba3b673f555e9fa551e819990eb13/node_modules/expo-router/node/render.js ▓▓▓▓▓▓▓░░░░░░░░░ 45.2% (1465/2970)
Web node_modules/.pnpm/expo-router@6.0.23_@expo+metro-runtime@6.1.2_@types+react@19.1.17_expo-constants@18.0.1_f13ba3b673f555e9fa551e819990eb13/node_modules/expo-router/entry.js ▓▓▓▓▓▓▓░░░░░░░░░ 47.4% (376/625)
λ node_modules/.pnpm/expo-router@6.0.23_@expo+metro-runtime@6.1.2_@types+react@19.1.17_expo-constants@18.0.1_f13ba3b673f555e9fa551e819990eb13/node_modules/expo-router/node/render.js ▓▓▓▓▓▓▓▓▓▓▓░░░░░ 70.5% (2493/2970)
Web node_modules/.pnpm/expo-router@6.0.23_@expo+metro-runtime@6.1.2_@types+react@19.1.17_expo-constants@18.0.1_f13ba3b673f555e9fa551e819990eb13/node_modules/expo-router/entry.js ▓▓▓▓▓▓▓░░░░░░░░░ 47.4% ( 501/2655)
λ node_modules/.pnpm/expo-router@6.0.23_@expo+metro-runtime@6.1.2_@types+react@19.1.17_expo-constants@18.0.1_f13ba3b673f555e9fa551e819990eb13/node_modules/expo-router/node/render.js ▓▓▓▓▓▓▓▓▓▓▓▓▓░░░ 82.4% (2771/3122)
Web node_modules/.pnpm/expo-router@6.0.23_@expo+metro-runtime@6.1.2_@types+react@19.1.17_expo-constants@18.0.1_f13ba3b673f555e9fa551e819990eb13/node_modules/expo-router/entry.js ▓▓▓▓▓▓▓░░░░░░░░░ 47.4% ( 624/2775)
λ node_modules/.pnpm/expo-router@6.0.23_@expo+metro-runtime@6.1.2_@types+react@19.1.17_expo-constants@18.0.1_f13ba3b673f555e9fa551e819990eb13/node_modules/expo-router/node/render.js ▓▓▓▓▓▓▓▓▓▓▓▓▓░░░ 82.4% (2962/3400)
Web node_modules/.pnpm/expo-router@6.0.23_@expo+metro-runtime@6.1.2_@types+react@19.1.17_expo-constants@18.0.1_f13ba3b673f555e9fa551e819990eb13/node_modules/expo-router/entry.js ▓▓▓▓▓▓▓░░░░░░░░░ 47.4% (1139/2897)
λ node_modules/.pnpm/expo-router@6.0.23_@expo+metro-runtime@6.1.2_@types+react@19.1.17_expo-constants@18.0.1_f13ba3b673f555e9fa551e819990eb13/node_modules/expo-router/node/render.js ▓▓▓▓▓▓▓▓▓▓▓▓▓░░░ 82.4% (3114/3578)
Web node_modules/.pnpm/expo-router@6.0.23_@expo+metro-runtime@6.1.2_@types+react@19.1.17_expo-constants@18.0.1_f13ba3b673f555e9fa551e819990eb13/node_modules/expo-router/entry.js ▓▓▓▓▓▓▓▓░░░░░░░░ 50.4% (2056/2897)
λ node_modules/.pnpm/expo-router@6.0.23_@expo+metro-runtime@6.1.2_@types+react@19.1.17_expo-constants@18.0.1_f13ba3b673f555e9fa551e819990eb13/node_modules/expo-router/node/render.js ▓▓▓▓▓▓▓▓▓▓▓▓▓░░░ 82.4% (3114/3578)
Web node_modules/.pnpm/expo-router@6.0.23_@expo+metro-runtime@6.1.2_@types+react@19.1.17_expo-constants@18.0.1_f13ba3b673f555e9fa551e819990eb13/node_modules/expo-router/entry.js ▓▓▓▓▓▓▓▓▓▓▓▓▓░░░ 83.5% (2729/2998)
λ node_modules/.pnpm/expo-router@6.0.23_@expo+metro-runtime@6.1.2_@types+react@19.1.17_expo-constants@18.0.1_f13ba3b673f555e9fa551e819990eb13/node_modules/expo-router/node/render.js ▓▓▓▓▓▓▓▓▓▓▓▓▓░░░ 82.4% (3201/3689)
Web node_modules/.pnpm/expo-router@6.0.23_@expo+metro-runtime@6.1.2_@types+react@19.1.17_expo-constants@18.0.1_f13ba3b673f555e9fa551e819990eb13/node_modules/expo-router/entry.js ▓▓▓▓▓▓▓▓▓▓▓▓▓░░░ 83.5% (2778/3081)
λ node_modules/.pnpm/expo-router@6.0.23_@expo+metro-runtime@6.1.2_@types+react@19.1.17_expo-constants@18.0.1_f13ba3b673f555e9fa551e819990eb13/node_modules/expo-router/node/render.js ▓▓▓▓▓▓▓▓▓▓▓▓▓▓░░ 87.9% (3525/3776)
Web node_modules/.pnpm/expo-router@6.0.23_@expo+metro-runtime@6.1.2_@types+react@19.1.17_expo-constants@18.0.1_f13ba3b673f555e9fa551e819990eb13/node_modules/expo-router/entry.js ▓▓▓▓▓▓▓▓▓▓▓▓▓░░░ 83.5% (3068/3481)
λ node_modules/.pnpm/expo-router@6.0.23_@expo+metro-runtime@6.1.2_@types+react@19.1.17_expo-constants@18.0.1_f13ba3b673f555e9fa551e819990eb13/node_modules/expo-router/node/render.js ▓▓▓▓▓▓▓▓▓▓▓▓▓▓░░ 88.5% (3706/3943)
Web node_modules/.pnpm/expo-router@6.0.23_@expo+metro-runtime@6.1.2_@types+react@19.1.17_expo-constants@18.0.1_f13ba3b673f555e9fa551e819990eb13/node_modules/expo-router/entry.js ▓▓▓▓▓▓▓▓▓▓▓▓▓░░░ 83.7% (3364/3677)
λ node_modules/.pnpm/expo-router@6.0.23_@expo+metro-runtime@6.1.2_@types+react@19.1.17_expo-constants@18.0.1_f13ba3b673f555e9fa551e819990eb13/node_modules/expo-router/node/render.js ▓▓▓▓▓▓▓▓▓▓▓▓▓▓░░ 90.6% (3912/4145)
Web node_modules/.pnpm/expo-router@6.0.23_@expo+metro-runtime@6.1.2_@types+react@19.1.17_expo-constants@18.0.1_f13ba3b673f555e9fa551e819990eb13/node_modules/expo-router/entry.js ▓▓▓▓▓▓▓▓▓▓▓▓▓░░░ 87.3% (3596/3849)
λ node_modules/.pnpm/expo-router@6.0.23_@expo+metro-runtime@6.1.2_@types+react@19.1.17_expo-constants@18.0.1_f13ba3b673f555e9fa551e819990eb13/node_modules/expo-router/node/render.js ▓▓▓▓▓▓▓▓▓▓▓▓▓▓░░ 91.1% (4036/4228)
Web node_modules/.pnpm/expo-router@6.0.23_@expo+metro-runtime@6.1.2_@types+react@19.1.17_expo-constants@18.0.1_f13ba3b673f555e9fa551e819990eb13/node_modules/expo-router/entry.js ▓▓▓▓▓▓▓▓▓▓▓▓▓▓░░ 90.5% (3936/4144)
λ node_modules/.pnpm/expo-router@6.0.23_@expo+metro-runtime@6.1.2_@types+react@19.1.17_expo-constants@18.0.1_f13ba3b673f555e9fa551e819990eb13/node_modules/expo-router/node/render.js ▓▓▓▓▓▓▓▓▓▓▓▓▓▓▓░ 95.8% (4321/4415)
λ Bundled 69709ms node_modules/.pnpm/expo-router@6.0.23_@expo+metro-runtime@6.1.2_@types+react@19.1.17_expo-constants@18.0.1_f13ba3b673f555e9fa551e819990eb13/node_modules/expo-router/node/render.js (4499 modules)
"shadow*" style props are deprecated. Use "boxShadow".
[expo-notifications] Listening to push token changes is not yet fully supported on web. Adding a listener will have no effect.
λ  WARN  props.pointerEvents is deprecated. Use style.pointerEvents
  console.warn (ignoreWarnings.ts:21:9)
Web node_modules/.pnpm/expo-router@6.0.23_@expo+metro-runtime@6.1.2_@types+react@19.1.17_expo-constants@18.0.1_f13ba3b673f555e9fa551e819990eb13/node_modules/expo-router/entry.js ▓▓▓▓▓▓▓▓▓▓▓▓▓▓▓░ 99.9% (4501/4501)
λ Bundled 145ms node_modules/.pnpm/expo-router@6.0.23_@expo+metro-runtime@6.1.2_@types+react@19.1.17_expo-constants@18.0.1_f13ba3b673f555e9fa551e819990eb13/node_modules/expo-router/node/render.js (1 module)
"shadow*" style props are deprecated. Use "boxShadow".
[expo-notifications] Listening to push token changes is not yet fully supported on web. Adding a listener will have no effect.
λ  WARN  props.pointerEvents is deprecated. Use style.pointerEvents
  warn (ignoreWarnings.ts:21:9)
  console.warn (ignoreWarnings.ts:21:9)
Web Bundled 82067ms node_modules/.pnpm/expo-router@6.0.23_@expo+metro-runtime@6.1.2_@types+react@19.1.17_expo-constants@18.0.1_f13ba3b673f555e9fa551e819990eb13/node_modules/expo-router/entry.js (4501 modules)
Error: Premature close
    at onclose (node:internal/streams/end-of-stream:171:30)
    at processTicksAndRejections (node:internal/process/task_queues:85:11)
Web Bundled 2486ms node_modules/.pnpm/expo-router@6.0.23_@expo+metro-runtime@6.1.2_@types+react@19.1.17_expo-constants@18.0.1_f13ba3b673f555e9fa551e819990eb13/node_modules/expo-router/entry.js (1 module)
Web node_modules/.pnpm/expo-router@6.0.23_@expo+metro-runtime@6.1.2_@types+react@19.1.17_expo-constants@18.0.1_f13ba3b673f555e9fa551e819990eb13/node_modules/expo-router/entry.js ░░░░░░░░░░░░░░░░  0.0% (0/1)
Web node_modules/.pnpm/expo-router@6.0.23_@expo+metro-runtime@6.1.2_@types+react@19.1.17_expo-constants@18.0.1_f13ba3b673f555e9fa551e819990eb13/node_modules/expo-router/entry.js ▓▓▓▓▓░░░░░░░░░░░ 33.3% ( 371/2579)
Web node_modules/.pnpm/expo-router@6.0.23_@expo+metro-runtime@6.1.2_@types+react@19.1.17_expo-constants@18.0.1_f13ba3b673f555e9fa551e819990eb13/node_modules/expo-router/entry.js ▓▓▓▓▓░░░░░░░░░░░ 33.3% ( 748/2889)
Web node_modules/.pnpm/expo-router@6.0.23_@expo+metro-runtime@6.1.2_@types+react@19.1.17_expo-constants@18.0.1_f13ba3b673f555e9fa551e819990eb13/node_modules/expo-router/entry.js ▓▓▓▓▓▓▓▓░░░░░░░░ 53.1% (2118/2907)
Web node_modules/.pnpm/expo-router@6.0.23_@expo+metro-runtime@6.1.2_@types+react@19.1.17_expo-constants@18.0.1_f13ba3b673f555e9fa551e819990eb13/node_modules/expo-router/entry.js ▓▓▓▓▓▓▓▓▓▓▓▓░░░░ 77.7% (2849/3257)
Web node_modules/.pnpm/expo-router@6.0.23_@expo+metro-runtime@6.1.2_@types+react@19.1.17_expo-constants@18.0.1_f13ba3b673f555e9fa551e819990eb13/node_modules/expo-router/entry.js ▓▓▓▓▓▓▓▓▓▓▓▓▓░░░ 84.2% (3384/3688)
Web node_modules/.pnpm/expo-router@6.0.23_@expo+metro-runtime@6.1.2_@types+react@19.1.17_expo-constants@18.0.1_f13ba3b673f555e9fa551e819990eb13/node_modules/expo-router/entry.js ▓▓▓▓▓▓▓▓▓▓▓▓▓▓░░ 91.3% (4138/4330)
Web Bundled 23220ms node_modules/.pnpm/expo-router@6.0.23_@expo+metro-runtime@6.1.2_@types+react@19.1.17_expo-constants@18.0.1_f13ba3b673f555e9fa551e819990eb13/node_modules/expo-router/entry.js (4503 modules)
Web node_modules/.pnpm/expo-router@6.0.23_@expo+metro-runtime@6.1.2_@types+react@19.1.17_expo-constants@18.0.1_f13ba3b673f555e9fa551e819990eb13/node_modules/expo-router/entry.js ░░░░░░░░░░░░░░░░  0.0% (0/1)
λ Bundled 177ms node_modules/.pnpm/expo-router@6.0.23_@expo+metro-runtime@6.1.2_@types+react@19.1.17_expo-constants@18.0.1_f13ba3b673f555e9fa551e819990eb13/node_modules/expo-router/node/render.js (1 module)
"shadow*" style props are deprecated. Use "boxShadow".
[expo-notifications] Listening to push token changes is not yet fully supported on web. Adding a listener will have no effect.
λ  WARN  props.pointerEvents is deprecated. Use style.pointerEvents
  warn (ignoreWarnings.ts:21:9)
  warn (ignoreWarnings.ts:21:9)
  console.warn (ignoreWarnings.ts:21:9)
Web Bundled 1241ms node_modules/.pnpm/expo-router@6.0.23_@expo+metro-runtime@6.1.2_@types+react@19.1.17_expo-constants@18.0.1_f13ba3b673f555e9fa551e819990eb13/node_modules/expo-router/entry.js (1 module)
Web Bundled 171ms node_modules/.pnpm/expo-router@6.0.23_@expo+metro-runtime@6.1.2_@types+react@19.1.17_expo-constants@18.0.1_f13ba3b673f555e9fa551e819990eb13/node_modules/expo-router/entry.js (1 module)
Web node_modules/.pnpm/expo-router@6.0.23_@expo+metro-runtime@6.1.2_@types+react@19.1.17_expo-constants@18.0.1_f13ba3b673f555e9fa551e819990eb13/node_modules/expo-router/entry.js ░░░░░░░░░░░░░░░░  0.0% (0/1)
λ Bundled 332ms node_modules/.pnpm/expo-router@6.0.23_@expo+metro-runtime@6.1.2_@types+react@19.1.17_expo-constants@18.0.1_f13ba3b673f555e9fa551e819990eb13/node_modules/expo-router/node/render.js (1 module)
"shadow*" style props are deprecated. Use "boxShadow".
[expo-notifications] Listening to push token changes is not yet fully supported on web. Adding a listener will have no effect.
λ  WARN  props.pointerEvents is deprecated. Use style.pointerEvents
  warn (ignoreWarnings.ts:21:9)
  warn (ignoreWarnings.ts:21:9)
  warn (ignoreWarnings.ts:21:9)
  console.warn (ignoreWarnings.ts:21:9)
Web Bundled 2638ms node_modules/.pnpm/expo-router@6.0.23_@expo+metro-runtime@6.1.2_@types+react@19.1.17_expo-constants@18.0.1_f13ba3b673f555e9fa551e819990eb13/node_modules/expo-router/entry.js (1 module)
Web Bundled 290ms node_modules/.pnpm/expo-router@6.0.23_@expo+metro-runtime@6.1.2_@types+react@19.1.17_expo-constants@18.0.1_f13ba3b673f555e9fa551e819990eb13/node_modules/expo-router/entry.js (1 module)
Web node_modules/.pnpm/expo-router@6.0.23_@expo+metro-runtime@6.1.2_@types+react@19.1.17_expo-constants@18.0.1_f13ba3b673f555e9fa551e819990eb13/node_modules/expo-router/entry.js ░░░░░░░░░░░░░░░░  0.0% (0/1)
λ Bundled 162ms node_modules/.pnpm/expo-router@6.0.23_@expo+metro-runtime@6.1.2_@types+react@19.1.17_expo-constants@18.0.1_f13ba3b673f555e9fa551e819990eb13/node_modules/expo-router/node/render.js (1 module)
"shadow*" style props are deprecated. Use "boxShadow".
[expo-notifications] Listening to push token changes is not yet fully supported on web. Adding a listener will have no effect.
props.pointerEvents is deprecated. Use style.pointerEvents
Web Bundled 2591ms node_modules/.pnpm/expo-router@6.0.23_@expo+metro-runtime@6.1.2_@types+react@19.1.17_expo-constants@18.0.1_f13ba3b673f555e9fa551e819990eb13/node_modules/expo-router/entry.js (1 module)
Web Bundled 293ms node_modules/.pnpm/expo-router@6.0.23_@expo+metro-runtime@6.1.2_@types+react@19.1.17_expo-constants@18.0.1_f13ba3b673f555e9fa551e819990eb13/node_modules/expo-router/entry.js (1 module)
Web node_modules/.pnpm/expo-router@6.0.23_@expo+metro-runtime@6.1.2_@types+react@19.1.17_expo-constants@18.0.1_f13ba3b673f555e9fa551e819990eb13/node_modules/expo-router/entry.js ░░░░░░░░░░░░░░░░  0.0% (0/1)
λ Bundled 261ms node_modules/.pnpm/expo-router@6.0.23_@expo+metro-runtime@6.1.2_@types+react@19.1.17_expo-constants@18.0.1_f13ba3b673f555e9fa551e819990eb13/node_modules/expo-router/node/render.js (1 module)
"shadow*" style props are deprecated. Use "boxShadow".
[expo-notifications] Listening to push token changes is not yet fully supported on web. Adding a listener will have no effect.
props.pointerEvents is deprecated. Use style.pointerEvents
Web Bundled 2962ms node_modules/.pnpm/expo-router@6.0.23_@expo+metro-runtime@6.1.2_@types+react@19.1.17_expo-constants@18.0.1_f13ba3b673f555e9fa551e819990eb13/node_modules/expo-router/entry.js (1 module)
Web Bundled 283ms node_modules/.pnpm/expo-router@6.0.23_@expo+metro-runtime@6.1.2_@types+react@19.1.17_expo-constants@18.0.1_f13ba3b673f555e9fa551e819990eb13/node_modules/expo-router/entry.js (1 module)
Web node_modules/.pnpm/expo-router@6.0.23_@expo+metro-runtime@6.1.2_@types+react@19.1.17_expo-constants@18.0.1_f13ba3b673f555e9fa551e819990eb13/node_modules/expo-router/entry.js ░░░░░░░░░░░░░░░░  0.0% (0/1)
λ Bundled 173ms node_modules/.pnpm/expo-router@6.0.23_@expo+metro-runtime@6.1.2_@types+react@19.1.17_expo-constants@18.0.1_f13ba3b673f555e9fa551e819990eb13/node_modules/expo-router/node/render.js (1 module)
"shadow*" style props are deprecated. Use "boxShadow".
[expo-notifications] Listening to push token changes is not yet fully supported on web. Adding a listener will have no effect.
props.pointerEvents is deprecated. Use style.pointerEvents
Web Bundled 3382ms node_modules/.pnpm/expo-router@6.0.23_@expo+metro-runtime@6.1.2_@types+react@19.1.17_expo-constants@18.0.1_f13ba3b673f555e9fa551e819990eb13/node_modules/expo-router/entry.js (1 module)
Web node_modules/.pnpm/expo-router@6.0.23_@expo+metro-runtime@6.1.2_@types+react@19.1.17_expo-constants@18.0.1_f13ba3b673f555e9fa551e819990eb13/node_modules/expo-router/entry.js ░░░░░░░░░░░░░░░░  0.0% (0/1)
Web Bundled 299ms node_modules/.pnpm/expo-router@6.0.23_@expo+metro-runtime@6.1.2_@types+react@19.1.17_expo-constants@18.0.1_f13ba3b673f555e9fa551e819990eb13/node_modules/expo-router/entry.js (1 module)
Web node_modules/.pnpm/expo-router@6.0.23_@expo+metro-runtime@6.1.2_@types+react@19.1.17_expo-constants@18.0.1_f13ba3b673f555e9fa551e819990eb13/node_modules/expo-router/entry.js ░░░░░░░░░░░░░░░░  0.0% (0/1)
λ Bundled 364ms node_modules/.pnpm/expo-router@6.0.23_@expo+metro-runtime@6.1.2_@types+react@19.1.17_expo-constants@18.0.1_f13ba3b673f555e9fa551e819990eb13/node_modules/expo-router/node/render.js (1 module)
"shadow*" style props are deprecated. Use "boxShadow".
[expo-notifications] Listening to push token changes is not yet fully supported on web. Adding a listener will have no effect.
props.pointerEvents is deprecated. Use style.pointerEvents
Web Bundled 2784ms node_modules/.pnpm/expo-router@6.0.23_@expo+metro-runtime@6.1.2_@types+react@19.1.17_expo-constants@18.0.1_f13ba3b673f555e9fa551e819990eb13/node_modules/expo-router/entry.js (1 module)
Web Bundled 265ms node_modules/.pnpm/expo-router@6.0.23_@expo+metro-runtime@6.1.2_@types+react@19.1.17_expo-constants@18.0.1_f13ba3b673f555e9fa551e819990eb13/node_modules/expo-router/entry.js (1 module)
Web node_modules/.pnpm/expo-router@6.0.23_@expo+metro-runtime@6.1.2_@types+react@19.1.17_expo-constants@18.0.1_f13ba3b673f555e9fa551e819990eb13/node_modules/expo-router/entry.js ░░░░░░░░░░░░░░░░  0.0% (0/1)
λ Bundled 351ms node_modules/.pnpm/expo-router@6.0.23_@expo+metro-runtime@6.1.2_@types+react@19.1.17_expo-constants@18.0.1_f13ba3b673f555e9fa551e819990eb13/node_modules/expo-router/node/render.js (1 module)
"shadow*" style props are deprecated. Use "boxShadow".
[expo-notifications] Listening to push token changes is not yet fully supported on web. Adding a listener will have no effect.
props.pointerEvents is deprecated. Use style.pointerEvents
Web node_modules/.pnpm/expo-router@6.0.23_@expo+metro-runtime@6.1.2_@types+react@19.1.17_expo-constants@18.0.1_f13ba3b673f555e9fa551e819990eb13/node_modules/expo-router/entry.js ░░░░░░░░░░░░░░░░  0.0% (0/1)
Web Bundled 4421ms node_modules/.pnpm/expo-router@6.0.23_@expo+metro-runtime@6.1.2_@types+react@19.1.17_expo-constants@18.0.1_f13ba3b673f555e9fa551e819990eb13/node_modules/expo-router/entry.js (1 module)
Web node_modules/.pnpm/expo-router@6.0.23_@expo+metro-runtime@6.1.2_@types+react@19.1.17_expo-constants@18.0.1_f13ba3b673f555e9fa551e819990eb13/node_modules/expo-router/entry.js ░░░░░░░░░░░░░░░░  0.0% (0/1)
Web Bundled 274ms node_modules/.pnpm/expo-router@6.0.23_@expo+metro-runtime@6.1.2_@types+react@19.1.17_expo-constants@18.0.1_f13ba3b673f555e9fa551e819990eb13/node_modules/expo-router/entry.js (1 module)
Web node_modules/.pnpm/expo-router@6.0.23_@expo+metro-runtime@6.1.2_@types+react@19.1.17_expo-constants@18.0.1_f13ba3b673f555e9fa551e819990eb13/node_modules/expo-router/entry.js ░░░░░░░░░░░░░░░░  0.0% (0/1)
λ Bundled 168ms node_modules/.pnpm/expo-router@6.0.23_@expo+metro-runtime@6.1.2_@types+react@19.1.17_expo-constants@18.0.1_f13ba3b673f555e9fa551e819990eb13/node_modules/expo-router/node/render.js (1 module)
"shadow*" style props are deprecated. Use "boxShadow".
[expo-notifications] Listening to push token changes is not yet fully supported on web. Adding a listener will have no effect.
props.pointerEvents is deprecated. Use style.pointerEvents
Web Bundled 1897ms node_modules/.pnpm/expo-router@6.0.23_@expo+metro-runtime@6.1.2_@types+react@19.1.17_expo-constants@18.0.1_f13ba3b673f555e9fa551e819990eb13/node_modules/expo-router/entry.js (1 module)
Web Bundled 165ms node_modules/.pnpm/expo-router@6.0.23_@expo+metro-runtime@6.1.2_@types+react@19.1.17_expo-constants@18.0.1_f13ba3b673f555e9fa551e819990eb13/node_modules/expo-router/entry.js (1 module)
Web node_modules/.pnpm/expo-router@6.0.23_@expo+metro-runtime@6.1.2_@types+react@19.1.17_expo-constants@18.0.1_f13ba3b673f555e9fa551e819990eb13/node_modules/expo-router/entry.js ░░░░░░░░░░░░░░░░  0.0% (0/1)
λ Bundled 261ms node_modules/.pnpm/expo-router@6.0.23_@expo+metro-runtime@6.1.2_@types+react@19.1.17_expo-constants@18.0.1_f13ba3b673f555e9fa551e819990eb13/node_modules/expo-router/node/render.js (1 module)
"shadow*" style props are deprecated. Use "boxShadow".
[expo-notifications] Listening to push token changes is not yet fully supported on web. Adding a listener will have no effect.
props.pointerEvents is deprecated. Use style.pointerEvents
Web Bundled 2928ms node_modules/.pnpm/expo-router@6.0.23_@expo+metro-runtime@6.1.2_@types+react@19.1.17_expo-constants@18.0.1_f13ba3b673f555e9fa551e819990eb13/node_modules/expo-router/entry.js (1 module)
Web Bundled 263ms node_modules/.pnpm/expo-router@6.0.23_@expo+metro-runtime@6.1.2_@types+react@19.1.17_expo-constants@18.0.1_f13ba3b673f555e9fa551e819990eb13/node_modules/expo-router/entry.js (1 module)
Web node_modules/.pnpm/expo-router@6.0.23_@expo+metro-runtime@6.1.2_@types+react@19.1.17_expo-constants@18.0.1_f13ba3b673f555e9fa551e819990eb13/node_modules/expo-router/entry.js ░░░░░░░░░░░░░░░░  0.0% (0/1)
λ Bundled 149ms node_modules/.pnpm/expo-router@6.0.23_@expo+metro-runtime@6.1.2_@types+react@19.1.17_expo-constants@18.0.1_f13ba3b673f555e9fa551e819990eb13/node_modules/expo-router/node/render.js (1 module)
"shadow*" style props are deprecated. Use "boxShadow".
[expo-notifications] Listening to push token changes is not yet fully supported on web. Adding a listener will have no effect.
props.pointerEvents is deprecated. Use style.pointerEvents
Web Bundled 1796ms node_modules/.pnpm/expo-router@6.0.23_@expo+metro-runtime@6.1.2_@types+react@19.1.17_expo-constants@18.0.1_f13ba3b673f555e9fa551e819990eb13/node_modules/expo-router/entry.js (1 module)
Web Bundled 173ms node_modules/.pnpm/expo-router@6.0.23_@expo+metro-runtime@6.1.2_@types+react@19.1.17_expo-constants@18.0.1_f13ba3b673f555e9fa551e819990eb13/node_modules/expo-router/entry.js (1 module)
Web node_modules/.pnpm/expo-router@6.0.23_@expo+metro-runtime@6.1.2_@types+react@19.1.17_expo-constants@18.0.1_f13ba3b673f555e9fa551e819990eb13/node_modules/expo-router/entry.js ░░░░░░░░░░░░░░░░  0.0% (0/1)
λ Bundled 359ms node_modules/.pnpm/expo-router@6.0.23_@expo+metro-runtime@6.1.2_@types+react@19.1.17_expo-constants@18.0.1_f13ba3b673f555e9fa551e819990eb13/node_modules/expo-router/node/render.js (1 module)
"shadow*" style props are deprecated. Use "boxShadow".
[expo-notifications] Listening to push token changes is not yet fully supported on web. Adding a listener will have no effect.
props.pointerEvents is deprecated. Use style.pointerEvents
Web Bundled 2818ms node_modules/.pnpm/expo-router@6.0.23_@expo+metro-runtime@6.1.2_@types+react@19.1.17_expo-constants@18.0.1_f13ba3b673f555e9fa551e819990eb13/node_modules/expo-router/entry.js (1 module)
Web Bundled 301ms node_modules/.pnpm/expo-router@6.0.23_@expo+metro-runtime@6.1.2_@types+react@19.1.17_expo-constants@18.0.1_f13ba3b673f555e9fa551e819990eb13/node_modules/expo-router/entry.js (1 module)
