Lockfile is up to date, resolution step is skipped
Progress: resolved 1, reused 0, downloaded 0, added 0
Packages: +829
++++++++++++++++++++++++++++++++++++++++++++++++++++++++++++++++++++++++++++++++

   ╭──────────────────────────────────────────╮
   │                                          │
   │   Update available! 10.28.0 → 10.29.2.   │
   │   Changelog: https://pnpm.io/v/10.29.2   │
   │     To update, run: pnpm add -g pnpm     │
   │                                          │
   ╰──────────────────────────────────────────╯

Progress: resolved 829, reused 0, downloaded 0, added 0
Progress: resolved 829, reused 0, downloaded 77, added 37
Progress: resolved 829, reused 0, downloaded 240, added 229
Progress: resolved 829, reused 0, downloaded 361, added 333
Progress: resolved 829, reused 0, downloaded 453, added 440
Progress: resolved 829, reused 0, downloaded 518, added 476
Progress: resolved 829, reused 0, downloaded 611, added 540
Progress: resolved 829, reused 0, downloaded 667, added 562
Progress: resolved 829, reused 0, downloaded 691, added 571
Progress: resolved 829, reused 0, downloaded 737, added 590
Progress: resolved 829, reused 0, downloaded 805, added 643
Progress: resolved 829, reused 0, downloaded 828, added 828
Progress: resolved 829, reused 0, downloaded 829, added 829, done

dependencies:
+ @expo/vector-icons 15.0.3
+ @hookform/resolvers 5.2.2
+ @react-native-async-storage/async-storage 2.2.0
+ @react-native-community/datetimepicker 8.4.4
+ @shopify/flash-list 2.2.2
+ @types/crypto-js 4.2.2
+ @vercel/analytics 1.6.1
+ clsx 2.1.1
+ crypto-js 4.2.0
+ date-fns 4.1.0
+ expo 54.0.33
+ expo-blur 15.0.8
+ expo-clipboard 8.0.8
+ expo-constants 18.0.13
+ expo-device 8.0.10
+ expo-font 14.0.11
+ expo-haptics 15.0.8
+ expo-image 3.0.11
+ expo-linear-gradient 15.0.8
+ expo-linking 8.0.11
+ expo-notifications 0.32.16
+ expo-router 6.0.23
+ expo-secure-store 15.0.8
+ expo-splash-screen 31.0.13
+ expo-sqlite 16.0.10
+ expo-status-bar 3.0.9
+ expo-web-browser 15.0.10
+ jsqr 1.4.0
+ lucide-react-native 0.562.0
+ moti 0.30.0
+ nativewind 4.2.1
+ react 19.1.0
+ react-dom 19.1.0
+ react-hook-form 7.71.1
+ react-native 0.81.5
+ react-native-calendars 1.1314.0
+ react-native-css-interop 0.2.1
+ react-native-gesture-handler 2.28.0
+ react-native-get-random-values 1.11.0
+ react-native-permissions 5.4.4
+ react-native-reanimated 4.1.6
+ react-native-safe-area-context 5.6.2
+ react-native-screens 4.16.0
+ react-native-svg 15.12.1
+ react-native-vision-camera 4.7.3
+ react-native-web 0.21.2
+ react-native-worklets 0.5.1
+ tailwind-merge 3.4.0
+ tailwindcss 3.4.19
+ tslib 2.8.1
+ zod 4.3.6
+ zustand 5.0.11

devDependencies:
+ @types/jest 29.5.14
+ @types/react 19.1.17
+ module-alias 2.3.4
+ react-test-renderer 19.1.0
+ ts-node 10.9.2
+ tsconfig-paths 4.2.0
+ typescript 5.9.3

Done in 14.1s using pnpm v10.28.0
