
> my_compass@1.0.0 web
> expo start --web

Starting project at /app
Starting Metro Bundler
The following packages should be updated for best compatibility with the installed expo version:
  expo@54.0.32 - expected version: ~54.0.33
  @types/jest@30.0.0 - expected version: 29.5.14
Your project may not work correctly until you install the expected versions of the packages.
Waiting on http://localhost:8081
Logs for your project will appear below.
Web node_modules/expo-router/entry.js ░░░░░░░░░░░░░░░░  0.0% (0/1)
Web node_modules/expo-router/entry.js ▓▓░░░░░░░░░░░░░░ 16.4% ( 39/204)
λ node_modules/expo-router/node/render.js ▓░░░░░░░░░░░░░░░  6.3% ( 36/200)
Web node_modules/expo-router/entry.js ▓▓▓░░░░░░░░░░░░░ 22.3% (202/428)
λ node_modules/expo-router/node/render.js ▓▓▓░░░░░░░░░░░░░ 21.9% (213/455)
Web node_modules/expo-router/entry.js ▓▓▓▓░░░░░░░░░░░░ 25.4% (284/806)
λ node_modules/expo-router/node/render.js ▓▓▓▓▓░░░░░░░░░░░ 37.5% (341/557)
Web node_modules/expo-router/entry.js ▓▓▓▓░░░░░░░░░░░░ 25.4% ( 431/2619)
λ node_modules/expo-router/node/render.js ▓▓▓▓▓░░░░░░░░░░░ 37.5% (411/932)
Web node_modules/expo-router/entry.js ▓▓▓▓░░░░░░░░░░░░ 25.4% ( 778/2771)
λ node_modules/expo-router/node/render.js ▓▓▓▓▓░░░░░░░░░░░ 37.5% ( 563/2679)
Web node_modules/expo-router/entry.js ▓▓▓▓▓▓░░░░░░░░░░ 37.7% (1737/2830)
λ node_modules/expo-router/node/render.js ▓▓▓▓▓░░░░░░░░░░░ 37.5% ( 563/2679)
Web node_modules/expo-router/entry.js ▓▓▓▓▓▓▓▓▓▓▓▓░░░░ 79.8% (2601/2911)
λ node_modules/expo-router/node/render.js ▓▓▓▓▓░░░░░░░░░░░ 37.5% ( 600/2717)
Web node_modules/expo-router/entry.js ▓▓▓▓▓▓▓▓▓▓▓▓░░░░ 80.1% (2617/2925)
λ node_modules/expo-router/node/render.js ▓▓▓▓▓░░░░░░░░░░░ 37.5% (1302/2882)
Web node_modules/expo-router/entry.js ▓▓▓▓▓▓▓▓▓▓▓▓░░░░ 80.1% (2617/2925)
λ node_modules/expo-router/node/render.js ▓▓▓▓▓▓▓▓▓▓▓▓▓░░░ 81.3% (2611/2904)
Web node_modules/expo-router/entry.js ▓▓▓▓▓▓▓▓▓▓▓▓░░░░ 80.8% (2906/3298)
λ node_modules/expo-router/node/render.js ▓▓▓▓▓▓▓▓▓▓▓▓▓░░░ 83.2% (2725/3002)
Web node_modules/expo-router/entry.js ▓▓▓▓▓▓▓▓▓▓▓▓░░░░ 80.8% (3083/3431)
λ node_modules/expo-router/node/render.js ▓▓▓▓▓▓▓▓▓▓▓▓▓░░░ 83.2% (2945/3369)
Web node_modules/expo-router/entry.js ▓▓▓▓▓▓▓▓▓▓▓▓▓░░░ 86.5% (3296/3543)
λ node_modules/expo-router/node/render.js ▓▓▓▓▓▓▓▓▓▓▓▓▓░░░ 83.2% (3124/3492)
Web node_modules/expo-router/entry.js ▓▓▓▓▓▓▓▓▓▓▓▓▓▓░░ 87.7% (3507/3769)
λ node_modules/expo-router/node/render.js ▓▓▓▓▓▓▓▓▓▓▓▓▓░░░ 86.7% (3357/3617)
Web node_modules/expo-router/entry.js ▓▓▓▓▓▓▓▓▓▓▓▓▓▓░░ 89.1% (3782/4007)
λ node_modules/expo-router/node/render.js ▓▓▓▓▓▓▓▓▓▓▓▓▓▓░░ 90.3% (3774/3998)
Web node_modules/expo-router/entry.js ▓▓▓▓▓▓▓▓▓▓▓▓▓▓▓░ 96.4% (4265/4343)
λ node_modules/expo-router/node/render.js ▓▓▓▓▓▓▓▓▓▓▓▓▓▓▓░ 95.4% (4186/4285)
λ Bundled 54201ms node_modules/expo-router/node/render.js (4336 modules)
Web Bundled 54877ms node_modules/expo-router/entry.js (4389 modules)
[expo-notifications] Listening to push token changes is not yet fully supported on web. Adding a listener will have no effect.
Web node_modules/expo-router/entry.js ▓▓▓▓▓░░░░░░░░░░░ 36.7% (405/878)
Web node_modules/expo-router/entry.js ▓▓▓▓▓░░░░░░░░░░░ 36.7% ( 824/2763)
Web node_modules/expo-router/entry.js ▓▓▓▓▓▓▓▓░░░░░░░░ 53.0% (2098/2881)
Web node_modules/expo-router/entry.js ▓▓▓▓▓▓▓▓▓▓▓▓░░░░ 80.5% (2919/3303)
Web node_modules/expo-router/entry.js ▓▓▓▓▓▓▓▓▓▓▓▓▓░░░ 85.8% (3391/3661)
Web node_modules/expo-router/entry.js ▓▓▓▓▓▓▓▓▓▓▓▓▓▓▓░ 94.2% (4088/4213)
Web Bundled 23722ms node_modules/expo-router/entry.js (4391 modules)
 LOG  [web] Logs will appear in the browser console
λ Bundled 131ms node_modules/expo-router/node/render.js (1 module)
Web Bundled 785ms node_modules/expo-router/entry.js (1 module)
Web node_modules/expo-router/entry.js ░░░░░░░░░░░░░░░░  0.0% (0/1)
[expo-notifications] Listening to push token changes is not yet fully supported on web. Adding a listener will have no effect.
Web Bundled 776ms node_modules/expo-router/entry.js (1 module)
 LOG  [web] Logs will appear in the browser console
Web node_modules/expo-router/entry.js ░░░░░░░░░░░░░░░░  0.0% (0/1)
λ Bundled 202ms node_modules/expo-router/node/render.js (1 module)
[expo-notifications] Listening to push token changes is not yet fully supported on web. Adding a listener will have no effect.
Web Bundled 1673ms node_modules/expo-router/entry.js (1 module)
Web Bundled 151ms node_modules/expo-router/entry.js (1 module)
 LOG  [web] Logs will appear in the browser console
Web node_modules/expo-router/entry.js ░░░░░░░░░░░░░░░░  0.0% (0/1)
λ Bundled 151ms node_modules/expo-router/node/render.js (1 module)
[expo-notifications] Listening to push token changes is not yet fully supported on web. Adding a listener will have no effect.
Web Bundled 1492ms node_modules/expo-router/entry.js (1 module)
Web Bundled 144ms node_modules/expo-router/entry.js (1 module)
 LOG  [web] Logs will appear in the browser console
Web node_modules/expo-router/entry.js ░░░░░░░░░░░░░░░░  0.0% (0/1)
λ Bundled 107ms node_modules/expo-router/node/render.js (1 module)
[expo-notifications] Listening to push token changes is not yet fully supported on web. Adding a listener will have no effect.
Web Bundled 1474ms node_modules/expo-router/entry.js (1 module)
Web Bundled 152ms node_modules/expo-router/entry.js (1 module)
 LOG  [web] Logs will appear in the browser console
