
> my_compass@1.0.0 web /app
> expo start --web

Starting project at /app
Starting Metro Bundler
The following packages should be updated for best compatibility with the installed expo version:
  @shopify/flash-list@2.2.2 - expected version: 2.0.2
Your project may not work correctly until you install the expected versions of the packages.
Waiting on http://localhost:8081
Logs for your project will appear below.
Web node_modules/.pnpm/expo-router@6.0.23_@expo+metro-runtime@6.1.2_@types+react@19.1.17_expo-constants@18.0.1_f13ba3b673f555e9fa551e819990eb13/node_modules/expo-router/entry.js ░░░░░░░░░░░░░░░░  0.0% (0/1)
Web node_modules/.pnpm/expo-router@6.0.23_@expo+metro-runtime@6.1.2_@types+react@19.1.17_expo-constants@18.0.1_f13ba3b673f555e9fa551e819990eb13/node_modules/expo-router/entry.js ▓▓▓▓░░░░░░░░░░░░ 25.0% ( 9/18)
λ node_modules/.pnpm/expo-router@6.0.23_@expo+metro-runtime@6.1.2_@types+react@19.1.17_expo-constants@18.0.1_f13ba3b673f555e9fa551e819990eb13/node_modules/expo-router/node/render.js ░░░░░░░░░░░░░░░░  6.0% ( 12/107)
Web node_modules/.pnpm/expo-router@6.0.23_@expo+metro-runtime@6.1.2_@types+react@19.1.17_expo-constants@18.0.1_f13ba3b673f555e9fa551e819990eb13/node_modules/expo-router/entry.js ▓▓▓▓░░░░░░░░░░░░ 25.0% (18/97)
λ node_modules/.pnpm/expo-router@6.0.23_@expo+metro-runtime@6.1.2_@types+react@19.1.17_expo-constants@18.0.1_f13ba3b673f555e9fa551e819990eb13/node_modules/expo-router/node/render.js ▓░░░░░░░░░░░░░░░ 10.9% ( 97/294)
Web node_modules/.pnpm/expo-router@6.0.23_@expo+metro-runtime@6.1.2_@types+react@19.1.17_expo-constants@18.0.1_f13ba3b673f555e9fa551e819990eb13/node_modules/expo-router/entry.js ▓▓▓▓░░░░░░░░░░░░ 26.3% (100/209)
λ node_modules/.pnpm/expo-router@6.0.23_@expo+metro-runtime@6.1.2_@types+react@19.1.17_expo-constants@18.0.1_f13ba3b673f555e9fa551e819990eb13/node_modules/expo-router/node/render.js ▓▓▓░░░░░░░░░░░░░ 20.4% (167/370)
Web node_modules/.pnpm/expo-router@6.0.23_@expo+metro-runtime@6.1.2_@types+react@19.1.17_expo-constants@18.0.1_f13ba3b673f555e9fa551e819990eb13/node_modules/expo-router/entry.js ▓▓▓▓▓▓░░░░░░░░░░ 38.9% (151/242)
λ node_modules/.pnpm/expo-router@6.0.23_@expo+metro-runtime@6.1.2_@types+react@19.1.17_expo-constants@18.0.1_f13ba3b673f555e9fa551e819990eb13/node_modules/expo-router/node/render.js ▓▓▓▓▓░░░░░░░░░░░ 33.8% (342/588)
Web node_modules/.pnpm/expo-router@6.0.23_@expo+metro-runtime@6.1.2_@types+react@19.1.17_expo-constants@18.0.1_f13ba3b673f555e9fa551e819990eb13/node_modules/expo-router/entry.js ▓▓▓▓▓▓▓▓░░░░░░░░ 50.1% (208/372)
λ node_modules/.pnpm/expo-router@6.0.23_@expo+metro-runtime@6.1.2_@types+react@19.1.17_expo-constants@18.0.1_f13ba3b673f555e9fa551e819990eb13/node_modules/expo-router/node/render.js ▓▓▓▓▓▓░░░░░░░░░░ 38.4% ( 436/2636)
Web node_modules/.pnpm/expo-router@6.0.23_@expo+metro-runtime@6.1.2_@types+react@19.1.17_expo-constants@18.0.1_f13ba3b673f555e9fa551e819990eb13/node_modules/expo-router/entry.js ▓▓▓▓▓▓▓▓░░░░░░░░ 50.1% (339/557)
λ node_modules/.pnpm/expo-router@6.0.23_@expo+metro-runtime@6.1.2_@types+react@19.1.17_expo-constants@18.0.1_f13ba3b673f555e9fa551e819990eb13/node_modules/expo-router/node/render.js ▓▓▓▓▓▓░░░░░░░░░░ 38.4% ( 644/2768)
Web node_modules/.pnpm/expo-router@6.0.23_@expo+metro-runtime@6.1.2_@types+react@19.1.17_expo-constants@18.0.1_f13ba3b673f555e9fa551e819990eb13/node_modules/expo-router/entry.js ▓▓▓▓▓▓▓▓░░░░░░░░ 50.1% (363/578)
λ node_modules/.pnpm/expo-router@6.0.23_@expo+metro-runtime@6.1.2_@types+react@19.1.17_expo-constants@18.0.1_f13ba3b673f555e9fa551e819990eb13/node_modules/expo-router/node/render.js ▓▓▓▓▓▓░░░░░░░░░░ 38.4% (1204/2942)
Web node_modules/.pnpm/expo-router@6.0.23_@expo+metro-runtime@6.1.2_@types+react@19.1.17_expo-constants@18.0.1_f13ba3b673f555e9fa551e819990eb13/node_modules/expo-router/entry.js ▓▓▓▓▓▓▓▓░░░░░░░░ 50.1% (363/578)
λ node_modules/.pnpm/expo-router@6.0.23_@expo+metro-runtime@6.1.2_@types+react@19.1.17_expo-constants@18.0.1_f13ba3b673f555e9fa551e819990eb13/node_modules/expo-router/node/render.js ▓▓▓▓▓▓▓▓▓▓░░░░░░ 66.3% (2396/2942)
Web node_modules/.pnpm/expo-router@6.0.23_@expo+metro-runtime@6.1.2_@types+react@19.1.17_expo-constants@18.0.1_f13ba3b673f555e9fa551e819990eb13/node_modules/expo-router/entry.js ▓▓▓▓▓▓▓▓░░░░░░░░ 50.1% ( 548/2694)
λ node_modules/.pnpm/expo-router@6.0.23_@expo+metro-runtime@6.1.2_@types+react@19.1.17_expo-constants@18.0.1_f13ba3b673f555e9fa551e819990eb13/node_modules/expo-router/node/render.js ▓▓▓▓▓▓▓▓▓▓▓▓▓░░░ 81.6% (2721/3019)
Web node_modules/.pnpm/expo-router@6.0.23_@expo+metro-runtime@6.1.2_@types+react@19.1.17_expo-constants@18.0.1_f13ba3b673f555e9fa551e819990eb13/node_modules/expo-router/entry.js ▓▓▓▓▓▓▓▓░░░░░░░░ 50.1% ( 750/2863)
λ node_modules/.pnpm/expo-router@6.0.23_@expo+metro-runtime@6.1.2_@types+react@19.1.17_expo-constants@18.0.1_f13ba3b673f555e9fa551e819990eb13/node_modules/expo-router/node/render.js ▓▓▓▓▓▓▓▓▓▓▓▓▓░░░ 82.3% (3018/3471)
Web node_modules/.pnpm/expo-router@6.0.23_@expo+metro-runtime@6.1.2_@types+react@19.1.17_expo-constants@18.0.1_f13ba3b673f555e9fa551e819990eb13/node_modules/expo-router/entry.js ▓▓▓▓▓▓▓▓░░░░░░░░ 50.1% (2063/2936)
λ node_modules/.pnpm/expo-router@6.0.23_@expo+metro-runtime@6.1.2_@types+react@19.1.17_expo-constants@18.0.1_f13ba3b673f555e9fa551e819990eb13/node_modules/expo-router/node/render.js ▓▓▓▓▓▓▓▓▓▓▓▓▓░░░ 82.3% (3018/3471)
Web node_modules/.pnpm/expo-router@6.0.23_@expo+metro-runtime@6.1.2_@types+react@19.1.17_expo-constants@18.0.1_f13ba3b673f555e9fa551e819990eb13/node_modules/expo-router/entry.js ▓▓▓▓▓▓▓▓▓▓▓▓▓░░░ 82.4% (2722/2998)
λ node_modules/.pnpm/expo-router@6.0.23_@expo+metro-runtime@6.1.2_@types+react@19.1.17_expo-constants@18.0.1_f13ba3b673f555e9fa551e819990eb13/node_modules/expo-router/node/render.js ▓▓▓▓▓▓▓▓▓▓▓▓▓░░░ 82.3% (3107/3528)
Web node_modules/.pnpm/expo-router@6.0.23_@expo+metro-runtime@6.1.2_@types+react@19.1.17_expo-constants@18.0.1_f13ba3b673f555e9fa551e819990eb13/node_modules/expo-router/entry.js ▓▓▓▓▓▓▓▓▓▓▓▓▓░░░ 82.7% (2846/3184)
λ node_modules/.pnpm/expo-router@6.0.23_@expo+metro-runtime@6.1.2_@types+react@19.1.17_expo-constants@18.0.1_f13ba3b673f555e9fa551e819990eb13/node_modules/expo-router/node/render.js ▓▓▓▓▓▓▓▓▓▓▓▓▓▓░░ 87.7% (3470/3730)
Web node_modules/.pnpm/expo-router@6.0.23_@expo+metro-runtime@6.1.2_@types+react@19.1.17_expo-constants@18.0.1_f13ba3b673f555e9fa551e819990eb13/node_modules/expo-router/entry.js ▓▓▓▓▓▓▓▓▓▓▓▓▓░░░ 82.7% (3197/3551)
λ node_modules/.pnpm/expo-router@6.0.23_@expo+metro-runtime@6.1.2_@types+react@19.1.17_expo-constants@18.0.1_f13ba3b673f555e9fa551e819990eb13/node_modules/expo-router/node/render.js ▓▓▓▓▓▓▓▓▓▓▓▓▓▓░░ 90.2% (3721/3919)
Web node_modules/.pnpm/expo-router@6.0.23_@expo+metro-runtime@6.1.2_@types+react@19.1.17_expo-constants@18.0.1_f13ba3b673f555e9fa551e819990eb13/node_modules/expo-router/entry.js ▓▓▓▓▓▓▓▓▓▓▓▓▓▓░░ 89.1% (3557/3768)
λ node_modules/.pnpm/expo-router@6.0.23_@expo+metro-runtime@6.1.2_@types+react@19.1.17_expo-constants@18.0.1_f13ba3b673f555e9fa551e819990eb13/node_modules/expo-router/node/render.js ▓▓▓▓▓▓▓▓▓▓▓▓▓▓░░ 90.6% (3950/4149)
Web node_modules/.pnpm/expo-router@6.0.23_@expo+metro-runtime@6.1.2_@types+react@19.1.17_expo-constants@18.0.1_f13ba3b673f555e9fa551e819990eb13/node_modules/expo-router/entry.js ▓▓▓▓▓▓▓▓▓▓▓▓▓▓░░ 91.5% (4029/4214)
λ node_modules/.pnpm/expo-router@6.0.23_@expo+metro-runtime@6.1.2_@types+react@19.1.17_expo-constants@18.0.1_f13ba3b673f555e9fa551e819990eb13/node_modules/expo-router/node/render.js ▓▓▓▓▓▓▓▓▓▓▓▓▓▓▓░ 96.9% (4336/4405)
λ Bundled 58317ms node_modules/.pnpm/expo-router@6.0.23_@expo+metro-runtime@6.1.2_@types+react@19.1.17_expo-constants@18.0.1_f13ba3b673f555e9fa551e819990eb13/node_modules/expo-router/node/render.js (4450 modules)
"shadow*" style props are deprecated. Use "boxShadow".
[expo-notifications] Listening to push token changes is not yet fully supported on web. Adding a listener will have no effect.
λ  WARN  [Layout children]: No route named "orders" exists in nested children: [ 'move', 'pcs' ]
  console.warn (ignoreWarnings.ts:21:9)
λ  WARN  props.pointerEvents is deprecated. Use style.pointerEvents
  console.warn (ignoreWarnings.ts:21:9)
Web node_modules/.pnpm/expo-router@6.0.23_@expo+metro-runtime@6.1.2_@types+react@19.1.17_expo-constants@18.0.1_f13ba3b673f555e9fa551e819990eb13/node_modules/expo-router/entry.js ▓▓▓▓▓▓▓▓▓▓▓▓▓▓▓░ 99.9% (4452/4452)
Web Bundled 67311ms node_modules/.pnpm/expo-router@6.0.23_@expo+metro-runtime@6.1.2_@types+react@19.1.17_expo-constants@18.0.1_f13ba3b673f555e9fa551e819990eb13/node_modules/expo-router/entry.js (4452 modules)
Web node_modules/.pnpm/expo-router@6.0.23_@expo+metro-runtime@6.1.2_@types+react@19.1.17_expo-constants@18.0.1_f13ba3b673f555e9fa551e819990eb13/node_modules/expo-router/entry.js ▓▓▓▓▓▓▓▓▓▓▓▓▓▓▓░ 99.9% (4452/4452)
Error: Premature close
    at onclose (node:internal/streams/end-of-stream:171:30)
    at processTicksAndRejections (node:internal/process/task_queues:85:11)
Web node_modules/.pnpm/expo-router@6.0.23_@expo+metro-runtime@6.1.2_@types+react@19.1.17_expo-constants@18.0.1_f13ba3b673f555e9fa551e819990eb13/node_modules/expo-router/entry.js ░░░░░░░░░░░░░░░░  0.0% (0/1)
λ Bundled 217ms node_modules/.pnpm/expo-router@6.0.23_@expo+metro-runtime@6.1.2_@types+react@19.1.17_expo-constants@18.0.1_f13ba3b673f555e9fa551e819990eb13/node_modules/expo-router/node/render.js (1 module)
"shadow*" style props are deprecated. Use "boxShadow".
[expo-notifications] Listening to push token changes is not yet fully supported on web. Adding a listener will have no effect.
λ  WARN  [Layout children]: No route named "orders" exists in nested children: [ 'move', 'pcs' ]
  warn (ignoreWarnings.ts:21:9)
  console.warn (ignoreWarnings.ts:21:9)
λ  WARN  props.pointerEvents is deprecated. Use style.pointerEvents
  warn (ignoreWarnings.ts:21:9)
  console.warn (ignoreWarnings.ts:21:9)
Web Bundled 1657ms node_modules/.pnpm/expo-router@6.0.23_@expo+metro-runtime@6.1.2_@types+react@19.1.17_expo-constants@18.0.1_f13ba3b673f555e9fa551e819990eb13/node_modules/expo-router/entry.js (1 module)
Web node_modules/.pnpm/expo-router@6.0.23_@expo+metro-runtime@6.1.2_@types+react@19.1.17_expo-constants@18.0.1_f13ba3b673f555e9fa551e819990eb13/node_modules/expo-router/entry.js ▓▓▓▓░░░░░░░░░░░░ 30.8% (267/506)
Web node_modules/.pnpm/expo-router@6.0.23_@expo+metro-runtime@6.1.2_@types+react@19.1.17_expo-constants@18.0.1_f13ba3b673f555e9fa551e819990eb13/node_modules/expo-router/entry.js ▓▓▓▓▓░░░░░░░░░░░ 33.5% ( 553/2760)
Web node_modules/.pnpm/expo-router@6.0.23_@expo+metro-runtime@6.1.2_@types+react@19.1.17_expo-constants@18.0.1_f13ba3b673f555e9fa551e819990eb13/node_modules/expo-router/entry.js ▓▓▓▓▓▓▓░░░░░░░░░ 47.1% (1965/2863)
Web node_modules/.pnpm/expo-router@6.0.23_@expo+metro-runtime@6.1.2_@types+react@19.1.17_expo-constants@18.0.1_f13ba3b673f555e9fa551e819990eb13/node_modules/expo-router/entry.js ▓▓▓▓▓▓▓▓▓▓▓▓▓░░░ 81.4% (2832/3185)
Web node_modules/.pnpm/expo-router@6.0.23_@expo+metro-runtime@6.1.2_@types+react@19.1.17_expo-constants@18.0.1_f13ba3b673f555e9fa551e819990eb13/node_modules/expo-router/entry.js ▓▓▓▓▓▓▓▓▓▓▓▓▓░░░ 87.1% (3315/3552)
Web node_modules/.pnpm/expo-router@6.0.23_@expo+metro-runtime@6.1.2_@types+react@19.1.17_expo-constants@18.0.1_f13ba3b673f555e9fa551e819990eb13/node_modules/expo-router/entry.js ▓▓▓▓▓▓▓▓▓▓▓▓▓▓░░ 90.9% (4049/4252)
Web Bundled 21629ms node_modules/.pnpm/expo-router@6.0.23_@expo+metro-runtime@6.1.2_@types+react@19.1.17_expo-constants@18.0.1_f13ba3b673f555e9fa551e819990eb13/node_modules/expo-router/entry.js (4454 modules)
Web node_modules/.pnpm/expo-router@6.0.23_@expo+metro-runtime@6.1.2_@types+react@19.1.17_expo-constants@18.0.1_f13ba3b673f555e9fa551e819990eb13/node_modules/expo-router/entry.js ░░░░░░░░░░░░░░░░  0.0% (0/1)
λ Bundling failed 105ms node_modules/.pnpm/expo-router@6.0.23_@expo+metro-runtime@6.1.2_@types+react@19.1.17_expo-constants@18.0.1_f13ba3b673f555e9fa551e819990eb13/node_modules/expo-router/node/render.js (1 module)
Web Bundling failed 137ms node_modules/.pnpm/expo-router@6.0.23_@expo+metro-runtime@6.1.2_@types+react@19.1.17_expo-constants@18.0.1_f13ba3b673f555e9fa551e819990eb13/node_modules/expo-router/entry.js (1 module)

Metro error: Unable to resolve module @/components/pcs/ProfileConfirmationCard from /app/app/(tabs)/(pcs)/pcs.tsx: @/components/pcs/ProfileConfirmationCard could not be found within the project or in these directories:
  node_modules
[0m [90m 4 |[39m [36mimport[39m { [33mScreenGradient[39m } [36mfrom[39m [32m'@/components/ScreenGradient'[39m[33m;[39m
 [90m 5 |[39m [36mimport[39m { useScreenHeader } [36mfrom[39m [32m'@/hooks/useScreenHeader'[39m[33m;[39m
[31m[1m>[22m[39m[90m 6 |[39m [36mimport[39m { [33mProfileConfirmationCard[39m } [36mfrom[39m [32m'@/components/pcs/ProfileConfirmationCard'[39m[33m;[39m
 [90m   |[39m                                          [31m[1m^[22m[39m
 [90m 7 |[39m [36mimport[39m { [33mSegmentTimeline[39m } [36mfrom[39m [32m'@/components/pcs/SegmentTimeline'[39m[33m;[39m
 [90m 8 |[39m [36mimport[39m { usePCSStore } [36mfrom[39m [32m'@/store/usePCSStore'[39m[33m;[39m
 [90m 9 |[39m [36mimport[39m { [33mCheck[39m[33m,[39m [33mChevronRight[39m } [36mfrom[39m [32m'lucide-react-native'[39m[33m;[39m[0m

Import stack:

 app/(tabs)/(pcs)/pcs.tsx
 | import "@/components/pcs/ProfileConfirmationCard"

 app (require.context)


Call Stack
  <unknown> (app/(tabs)/(pcs)/pcs.tsx:0)
Web Bundled 534ms node_modules/.pnpm/expo-router@6.0.23_@expo+metro-runtime@6.1.2_@types+react@19.1.17_expo-constants@18.0.1_f13ba3b673f555e9fa551e819990eb13/node_modules/expo-router/_error.js (347 modules)
 LOG  [web] Logs will appear in the browser console
Web node_modules/.pnpm/expo-router@6.0.23_@expo+metro-runtime@6.1.2_@types+react@19.1.17_expo-constants@18.0.1_f13ba3b673f555e9fa551e819990eb13/node_modules/expo-router/entry.js ░░░░░░░░░░░░░░░░  0.0% (0/1)
λ Bundled 311ms node_modules/.pnpm/expo-router@6.0.23_@expo+metro-runtime@6.1.2_@types+react@19.1.17_expo-constants@18.0.1_f13ba3b673f555e9fa551e819990eb13/node_modules/expo-router/node/render.js (1 module)
"shadow*" style props are deprecated. Use "boxShadow".
[expo-notifications] Listening to push token changes is not yet fully supported on web. Adding a listener will have no effect.
λ  WARN  [Layout children]: No route named "orders" exists in nested children: [ 'move', 'pcs' ]
  warn (ignoreWarnings.ts:21:9)
  console.warn (ignoreWarnings.ts:21:9)
  console.warn (components/spotlight/SpotlightOverlay.tsx:41:1)
λ  LOG  PcsScreen rendering...
λ  WARN  props.pointerEvents is deprecated. Use style.pointerEvents
  warn (ignoreWarnings.ts:21:9)
  console.warn (ignoreWarnings.ts:21:9)
  console.warn (components/spotlight/SpotlightOverlay.tsx:41:1)
Web node_modules/.pnpm/expo-router@6.0.23_@expo+metro-runtime@6.1.2_@types+react@19.1.17_expo-constants@18.0.1_f13ba3b673f555e9fa551e819990eb13/node_modules/expo-router/entry.js ░░░░░░░░░░░░░░░░  0.0% (0/1)
Web Bundled 2589ms node_modules/.pnpm/expo-router@6.0.23_@expo+metro-runtime@6.1.2_@types+react@19.1.17_expo-constants@18.0.1_f13ba3b673f555e9fa551e819990eb13/node_modules/expo-router/entry.js (1 module)
Web Bundled 268ms node_modules/.pnpm/expo-router@6.0.23_@expo+metro-runtime@6.1.2_@types+react@19.1.17_expo-constants@18.0.1_f13ba3b673f555e9fa551e819990eb13/node_modules/expo-router/entry.js (1 module)
Web node_modules/.pnpm/expo-router@6.0.23_@expo+metro-runtime@6.1.2_@types+react@19.1.17_expo-constants@18.0.1_f13ba3b673f555e9fa551e819990eb13/node_modules/expo-router/entry.js ░░░░░░░░░░░░░░░░  0.0% (0/1)
λ Bundled 119ms node_modules/.pnpm/expo-router@6.0.23_@expo+metro-runtime@6.1.2_@types+react@19.1.17_expo-constants@18.0.1_f13ba3b673f555e9fa551e819990eb13/node_modules/expo-router/node/render.js (1 module)
"shadow*" style props are deprecated. Use "boxShadow".
[expo-notifications] Listening to push token changes is not yet fully supported on web. Adding a listener will have no effect.
λ  WARN  [Layout children]: No route named "orders" exists in nested children: [ 'move', 'pcs' ]
  warn (ignoreWarnings.ts:21:9)
  console.warn (ignoreWarnings.ts:21:9)
  Text (components/spotlight/SpotlightOverlay.tsx:41:1)
  console.warn (components/spotlight/SpotlightOverlay.tsx:25:27)
λ  LOG  PcsScreen rendering...
λ  WARN  props.pointerEvents is deprecated. Use style.pointerEvents
  warn (ignoreWarnings.ts:21:9)
  console.warn (ignoreWarnings.ts:21:9)
  Text (components/spotlight/SpotlightOverlay.tsx:41:1)
  console.warn (components/spotlight/SpotlightOverlay.tsx:25:27)
Web node_modules/.pnpm/expo-router@6.0.23_@expo+metro-runtime@6.1.2_@types+react@19.1.17_expo-constants@18.0.1_f13ba3b673f555e9fa551e819990eb13/node_modules/expo-router/entry.js ░░░░░░░░░░░░░░░░  0.0% (0/1)
Web Bundled 2310ms node_modules/.pnpm/expo-router@6.0.23_@expo+metro-runtime@6.1.2_@types+react@19.1.17_expo-constants@18.0.1_f13ba3b673f555e9fa551e819990eb13/node_modules/expo-router/entry.js (1 module)
Web Bundled 200ms node_modules/.pnpm/expo-router@6.0.23_@expo+metro-runtime@6.1.2_@types+react@19.1.17_expo-constants@18.0.1_f13ba3b673f555e9fa551e819990eb13/node_modules/expo-router/entry.js (1 module)
 ELIFECYCLE  Command failed.
