
> my_compass@1.0.0 web
> expo start --web

Starting project at /app
Starting Metro Bundler
Waiting on http://localhost:8081
Logs for your project will appear below.
Web node_modules/expo-router/entry.js ░░░░░░░░░░░░░░░░  0.0% (0/1)
Web node_modules/expo-router/entry.js ▓▓▓▓░░░░░░░░░░░░ 25.0% (13/29)
λ node_modules/expo-router/node/render.js ▓░░░░░░░░░░░░░░░  8.8% ( 80/269)
Web node_modules/expo-router/entry.js ▓▓▓▓░░░░░░░░░░░░ 27.1% (114/219)
λ node_modules/expo-router/node/render.js ▓▓▓▓▓░░░░░░░░░░░ 33.9% (335/575)
Web node_modules/expo-router/entry.js ▓▓▓▓▓▓▓░░░░░░░░░ 48.3% (209/378)
λ node_modules/expo-router/node/render.js ▓▓▓▓▓▓▓░░░░░░░░░ 46.8% (470/961)
Web node_modules/expo-router/entry.js ▓▓▓▓▓▓▓░░░░░░░░░ 48.3% (344/549)
λ node_modules/expo-router/node/render.js ▓▓▓▓▓▓▓░░░░░░░░░ 46.8% ( 600/2696)
Web node_modules/expo-router/entry.js ▓▓▓▓▓▓▓░░░░░░░░░ 48.3% (362/571)
λ node_modules/expo-router/node/render.js ▓▓▓▓▓▓▓░░░░░░░░░ 46.8% (1017/2921)
Web node_modules/expo-router/entry.js ▓▓▓▓▓▓▓░░░░░░░░░ 48.3% (362/571)
λ node_modules/expo-router/node/render.js ▓▓▓▓▓▓▓▓▓░░░░░░░ 58.1% (2226/2921)
Web node_modules/expo-router/entry.js ▓▓▓▓▓▓▓░░░░░░░░░ 49.2% ( 501/1000)
λ node_modules/expo-router/node/render.js ▓▓▓▓▓▓▓▓▓▓▓▓▓░░░ 81.7% (2696/2986)
Web node_modules/expo-router/entry.js ▓▓▓▓▓▓▓░░░░░░░░░ 49.2% ( 592/2736)
λ node_modules/expo-router/node/render.js ▓▓▓▓▓▓▓▓▓▓▓▓▓░░░ 82.2% (2868/3262)
Web node_modules/expo-router/entry.js ▓▓▓▓▓▓▓░░░░░░░░░ 49.2% (1356/2930)
λ node_modules/expo-router/node/render.js ▓▓▓▓▓▓▓▓▓▓▓▓▓░░░ 82.2% (2976/3434)
Web node_modules/expo-router/entry.js ▓▓▓▓▓▓▓▓▓▓░░░░░░ 65.7% (2378/2933)
λ node_modules/expo-router/node/render.js ▓▓▓▓▓▓▓▓▓▓▓▓▓░░░ 82.2% (2976/3434)
Web node_modules/expo-router/entry.js ▓▓▓▓▓▓▓▓▓▓▓▓▓░░░ 84.1% (2738/3028)
λ node_modules/expo-router/node/render.js ▓▓▓▓▓▓▓▓▓▓▓▓▓░░░ 82.2% (3222/3592)
Web node_modules/expo-router/entry.js ▓▓▓▓▓▓▓▓▓▓▓▓▓░░░ 84.1% (2889/3215)
λ node_modules/expo-router/node/render.js ▓▓▓▓▓▓▓▓▓▓▓▓▓▓░░ 88.0% (3443/3696)
Web node_modules/expo-router/entry.js ▓▓▓▓▓▓▓▓▓▓▓▓▓░░░ 84.8% (3229/3562)
λ node_modules/expo-router/node/render.js ▓▓▓▓▓▓▓▓▓▓▓▓▓▓░░ 90.3% (3690/3902)
Web node_modules/expo-router/entry.js ▓▓▓▓▓▓▓▓▓▓▓▓▓▓░░ 89.1% (3588/3802)
λ node_modules/expo-router/node/render.js ▓▓▓▓▓▓▓▓▓▓▓▓▓▓░░ 92.0% (4001/4172)
Web node_modules/expo-router/entry.js ▓▓▓▓▓▓▓▓▓▓▓▓▓▓░░ 93.1% (4134/4297)
λ node_modules/expo-router/node/render.js ▓▓▓▓▓▓▓▓▓▓▓▓▓▓▓░ 98.5% (4343/4375)
λ Bundled 54092ms node_modules/expo-router/node/render.js (4402 modules)
"shadow*" style props are deprecated. Use "boxShadow".
[expo-notifications] Listening to push token changes is not yet fully supported on web. Adding a listener will have no effect.
Web node_modules/expo-router/entry.js ▓▓▓▓▓▓▓▓▓▓▓▓▓▓▓░ 99.9% (4455/4455)
Web Bundled 63041ms node_modules/expo-router/entry.js (4455 modules)
Web node_modules/expo-router/entry.js ▓▓▓▓▓▓▓▓▓▓▓▓▓▓▓░ 99.9% (4455/4455)
Error: Premature close
    at onclose (node:internal/streams/end-of-stream:171:30)
    at processTicksAndRejections (node:internal/process/task_queues:85:11)
Web node_modules/expo-router/entry.js ░░░░░░░░░░░░░░░░  0.0% (0/1)
λ Bundled 136ms node_modules/expo-router/node/render.js (1 module)
"shadow*" style props are deprecated. Use "boxShadow".
[expo-notifications] Listening to push token changes is not yet fully supported on web. Adding a listener will have no effect.
Web Bundled 1437ms node_modules/expo-router/entry.js (1 module)
Web node_modules/expo-router/entry.js ▓▓▓▓▓▓░░░░░░░░░░ 38.5% (151/324)
Web node_modules/expo-router/entry.js ▓▓▓▓▓▓░░░░░░░░░░ 41.3% ( 398/2329)
Web node_modules/expo-router/entry.js ▓▓▓▓▓▓░░░░░░░░░░ 41.3% ( 664/2796)
Web node_modules/expo-router/entry.js ▓▓▓▓▓▓▓░░░░░░░░░ 47.8% (1987/2873)
Web node_modules/expo-router/entry.js ▓▓▓▓▓▓▓▓▓▓▓▓▓░░░ 82.1% (2882/3184)
Web node_modules/expo-router/entry.js ▓▓▓▓▓▓▓▓▓▓▓▓▓░░░ 87.1% (3274/3509)
Web node_modules/expo-router/entry.js ▓▓▓▓▓▓▓▓▓▓▓▓▓▓░░ 91.5% (3875/4059)
Web Bundled 25862ms node_modules/expo-router/entry.js (4457 modules)
 LOG  [web] Logs will appear in the browser console
Web node_modules/expo-router/entry.js ░░░░░░░░░░░░░░░░  0.0% (0/1)
λ Bundled 128ms node_modules/expo-router/node/render.js (1 module)
"shadow*" style props are deprecated. Use "boxShadow".
[expo-notifications] Listening to push token changes is not yet fully supported on web. Adding a listener will have no effect.
λ  WARN  props.pointerEvents is deprecated. Use style.pointerEvents
  warn (ignoreWarnings.ts:21:9)
  warn (ignoreWarnings.ts:21:9)
  console.warn (ignoreWarnings.ts:21:9)
Web Bundled 1216ms node_modules/expo-router/entry.js (1 module)
Web Bundled 403ms node_modules/expo-router/entry.js (1 module)
 LOG  [web] Logs will appear in the browser console
Web node_modules/expo-router/entry.js ░░░░░░░░░░░░░░░░  0.0% (0/1)
λ Bundled 285ms node_modules/expo-router/node/render.js (1 module)
"shadow*" style props are deprecated. Use "boxShadow".
[expo-notifications] Listening to push token changes is not yet fully supported on web. Adding a listener will have no effect.
Web Bundled 2531ms node_modules/expo-router/entry.js (1 module)
Web Bundled 143ms node_modules/expo-router/entry.js (1 module)
 LOG  [web] Logs will appear in the browser console
Web node_modules/expo-router/entry.js ░░░░░░░░░░░░░░░░  0.0% (0/1)
λ Bundled 119ms node_modules/expo-router/node/render.js (1 module)
"shadow*" style props are deprecated. Use "boxShadow".
[expo-notifications] Listening to push token changes is not yet fully supported on web. Adding a listener will have no effect.
props.pointerEvents is deprecated. Use style.pointerEvents
Web Bundled 1098ms node_modules/expo-router/entry.js (1 module)
Web Bundled 144ms node_modules/expo-router/entry.js (1 module)
 LOG  [web] Logs will appear in the browser console
Web node_modules/expo-router/entry.js ░░░░░░░░░░░░░░░░  0.0% (0/1)
λ Bundled 152ms node_modules/expo-router/node/render.js (1 module)
"shadow*" style props are deprecated. Use "boxShadow".
[expo-notifications] Listening to push token changes is not yet fully supported on web. Adding a listener will have no effect.
Web Bundled 1571ms node_modules/expo-router/entry.js (1 module)
Web Bundled 136ms node_modules/expo-router/entry.js (1 module)
 LOG  [web] Logs will appear in the browser console
Web node_modules/expo-router/entry.js ░░░░░░░░░░░░░░░░  0.0% (0/1)
λ Bundled 113ms node_modules/expo-router/node/render.js (1 module)
"shadow*" style props are deprecated. Use "boxShadow".
[expo-notifications] Listening to push token changes is not yet fully supported on web. Adding a listener will have no effect.
props.pointerEvents is deprecated. Use style.pointerEvents
Web Bundled 1093ms node_modules/expo-router/entry.js (1 module)
Web Bundled 139ms node_modules/expo-router/entry.js (1 module)
 LOG  [web] Logs will appear in the browser console
Web node_modules/expo-router/entry.js ░░░░░░░░░░░░░░░░  0.0% (0/1)
λ Bundled 185ms node_modules/expo-router/node/render.js (1 module)
"shadow*" style props are deprecated. Use "boxShadow".
[expo-notifications] Listening to push token changes is not yet fully supported on web. Adding a listener will have no effect.
Web Bundled 1609ms node_modules/expo-router/entry.js (1 module)
Web Bundled 161ms node_modules/expo-router/entry.js (1 module)
 LOG  [web] Logs will appear in the browser console
Web node_modules/expo-router/entry.js ░░░░░░░░░░░░░░░░  0.0% (0/1)
λ Bundled 110ms node_modules/expo-router/node/render.js (1 module)
"shadow*" style props are deprecated. Use "boxShadow".
[expo-notifications] Listening to push token changes is not yet fully supported on web. Adding a listener will have no effect.
props.pointerEvents is deprecated. Use style.pointerEvents
Web Bundled 1035ms node_modules/expo-router/entry.js (1 module)
Web Bundled 133ms node_modules/expo-router/entry.js (1 module)
 LOG  [web] Logs will appear in the browser console
